d:\projekty\pk4\projekty\lw3\debug\vc142.pdb
d:\projekty\pk4\projekty\lw3\debug\vc142.idb
d:\projekty\pk4\projekty\lw3\debug\weapon.obj
d:\projekty\pk4\projekty\lw3\debug\struct.obj
d:\projekty\pk4\projekty\lw3\debug\quest.obj
d:\projekty\pk4\projekty\lw3\debug\monster.obj
d:\projekty\pk4\projekty\lw3\debug\merchant.obj
d:\projekty\pk4\projekty\lw3\debug\main.obj
d:\projekty\pk4\projekty\lw3\debug\item.obj
d:\projekty\pk4\projekty\lw3\debug\inn.obj
d:\projekty\pk4\projekty\lw3\debug\hero.obj
d:\projekty\pk4\projekty\lw3\debug\gra_rpg.obj
d:\projekty\pk4\projekty\lw3\debug\function.obj
d:\projekty\pk4\projekty\lw3\debug\fight.obj
d:\projekty\pk4\projekty\lw3\debug\equipment.obj
d:\projekty\pk4\projekty\lw3\debug\dungeon.obj
d:\projekty\pk4\projekty\lw3\debug\data_base.obj
d:\projekty\pk4\projekty\lw3\debug\character.obj
d:\projekty\pk4\projekty\lw3\debug\armor.obj
d:\projekty\pk4\projekty\lw3\debug\account_data.obj
d:\projekty\pk4\projekty\lw3\debug\lw3.exe
d:\projekty\pk4\projekty\lw3\debug\lw3.ilk
d:\projekty\pk4\projekty\lw3\debug\lw3.pdb
d:\projekty\pk4\projekty\lw3\debug\lw3.tlog\cl.command.1.tlog
d:\projekty\pk4\projekty\lw3\debug\lw3.tlog\cl.read.1.tlog
d:\projekty\pk4\projekty\lw3\debug\lw3.tlog\cl.write.1.tlog
d:\projekty\pk4\projekty\lw3\debug\lw3.tlog\link.command.1.tlog
d:\projekty\pk4\projekty\lw3\debug\lw3.tlog\link.read.1.tlog
d:\projekty\pk4\projekty\lw3\debug\lw3.tlog\link.write.1.tlog
